<?xml version="1.0" encoding="UTF-8"?>
<!-- Generated by org.testng.reporters.JUnitReportReporter -->
<testsuite skipped="0" hostname="DESKTOP-777BVC7" name="test.TestInventory" tests="1" failures="0" timestamp="01 Jun 2021 18:13:54 GMT" time="1.668" errors="0">
  <testcase name="testSortInventoryFromLowToHigh" time="1.668" classname="test.TestInventory"/>
</testsuite> <!-- test.TestInventory -->
